<?xml version="1.0" encoding="UTF-8"?>
<!-- Generated by org.testng.reporters.JUnitReportReporter -->
<testsuite hostname="DESKTOP-D0G2CA1" failures="0" tests="1" name="testPackage.HomeScreenExploreOffersTest" time="71.535" errors="0" timestamp="2025-08-12T15:37:14 IST" skipped="0">
  <testcase classname="testPackage.HomeScreenExploreOffersTest" name="Test1" time="71.535"/>
</testsuite> <!-- testPackage.HomeScreenExploreOffersTest -->
