<?xml version="1.0" encoding="UTF-8"?>
<!-- Generated by org.testng.reporters.JUnitReportReporter -->
<testsuite hostname="DESKTOP-D0G2CA1" failures="0" tests="1" name="testPackage.UpdateIncomeTest" time="60.605" errors="0" timestamp="2025-08-23T13:27:05 IST" skipped="0">
  <testcase classname="testPackage.UpdateIncomeTest" name="Test1" time="60.605"/>
</testsuite> <!-- testPackage.UpdateIncomeTest -->
