<?xml version="1.0" encoding="UTF-8"?>
<!-- Generated by org.testng.reporters.JUnitReportReporter -->
<testsuite hostname="DESKTOP-D0G2CA1" failures="0" tests="1" name="testPackage.AadhaarNumberVerifyTest" time="40.183" errors="0" timestamp="2025-08-22T16:54:47 IST" skipped="0">
  <testcase classname="testPackage.AadhaarNumberVerifyTest" name="Test1" time="40.183"/>
</testsuite> <!-- testPackage.AadhaarNumberVerifyTest -->
