<?xml version="1.0" encoding="UTF-8"?>
<!-- Generated by org.testng.reporters.JUnitReportReporter -->
<testsuite hostname="DESKTOP-D0G2CA1" failures="0" tests="1" name="testPackage.IncomeAmountTest" time="72.254" errors="1" timestamp="2025-08-22T17:06:57 IST" skipped="0">
  <testcase classname="testPackage.IncomeAmountTest" name="Test1" time="72.254">
    <error message="Expected condition failed: waiting for element to be clickable: By.xpath: //android.view.View[@content-desc=&quot;Select Salary Mode&quot;] (tried for 30 second(s) with 500 milliseconds interval)
Build info: version: &#039;4.13.0&#039;, revision: &#039;ba948ece5b*&#039;
System info: os.name: &#039;Windows 11&#039;, os.arch: &#039;amd64&#039;, os.version: &#039;10.0&#039;, java.version: &#039;17.0.14&#039;
Driver info: io.appium.java_client.android.AndroidDriver
Capabilities {appium:adbExecTimeout: 120000, appium:appActivity: com.kgil.swipeloan.MainActi..., appium:appPackage: com.kgil.swipeloan.stg, appium:autoGrantPermissions: true, appium:automationName: UIAutomator2, appium:databaseEnabled: false, appium:desired: {adbExecTimeout: 120000, appActivity: com.kgil.swipeloan.MainActi..., appPackage: com.kgil.swipeloan.stg, autoGrantPermissions: true, automationName: UIAutomator2, deviceName: motorola moto g45 5G, ignoreHiddenApiPolicyError: true, newCommandTimeout: 10, platformName: ANDROID, platformVersion: 15, uiautomator2ServerInstallTimeout: 120000}, appium:deviceApiLevel: 35, appium:deviceManufacturer: motorola, appium:deviceModel: moto g45 5G, appium:deviceName: ZA222RPXSV, appium:deviceScreenDensity: 280, appium:deviceScreenSize: 720x1600, appium:deviceUDID: ZA222RPXSV, appium:ignoreHiddenApiPolicyError: true, appium:javascriptEnabled: true, appium:locationContextEnabled: false, appium:networkConnectionEnabled: true, appium:newCommandTimeout: 10, appium:pixelRatio: 1.75, appium:platformVersion: 15, appium:statBarHeight: 77, appium:takesScreenshot: true, appium:uiautomator2ServerInstallTimeout: 120000, appium:viewportRect: {height: 1523, left: 0, top: 77, width: 720}, appium:warnings: {}, appium:webStorageEnabled: false, platformName: ANDROID}
Session ID: bd45d335-91f2-4588-92d3-9997da167898" type="org.openqa.selenium.TimeoutException">
      <![CDATA[org.openqa.selenium.TimeoutException: Expected condition failed: waiting for element to be clickable: By.xpath: //android.view.View[@content-desc="Select Salary Mode"] (tried for 30 second(s) with 500 milliseconds interval)
Build info: version: '4.13.0', revision: 'ba948ece5b*'
System info: os.name: 'Windows 11', os.arch: 'amd64', os.version: '10.0', java.version: '17.0.14'
Driver info: io.appium.java_client.android.AndroidDriver
Capabilities {appium:adbExecTimeout: 120000, appium:appActivity: com.kgil.swipeloan.MainActi..., appium:appPackage: com.kgil.swipeloan.stg, appium:autoGrantPermissions: true, appium:automationName: UIAutomator2, appium:databaseEnabled: false, appium:desired: {adbExecTimeout: 120000, appActivity: com.kgil.swipeloan.MainActi..., appPackage: com.kgil.swipeloan.stg, autoGrantPermissions: true, automationName: UIAutomator2, deviceName: motorola moto g45 5G, ignoreHiddenApiPolicyError: true, newCommandTimeout: 10, platformName: ANDROID, platformVersion: 15, uiautomator2ServerInstallTimeout: 120000}, appium:deviceApiLevel: 35, appium:deviceManufacturer: motorola, appium:deviceModel: moto g45 5G, appium:deviceName: ZA222RPXSV, appium:deviceScreenDensity: 280, appium:deviceScreenSize: 720x1600, appium:deviceUDID: ZA222RPXSV, appium:ignoreHiddenApiPolicyError: true, appium:javascriptEnabled: true, appium:locationContextEnabled: false, appium:networkConnectionEnabled: true, appium:newCommandTimeout: 10, appium:pixelRatio: 1.75, appium:platformVersion: 15, appium:statBarHeight: 77, appium:takesScreenshot: true, appium:uiautomator2ServerInstallTimeout: 120000, appium:viewportRect: {height: 1523, left: 0, top: 77, width: 720}, appium:warnings: {}, appium:webStorageEnabled: false, platformName: ANDROID}
Session ID: bd45d335-91f2-4588-92d3-9997da167898
at org.openqa.selenium.support.ui.WebDriverWait.timeoutException(WebDriverWait.java:84)
at org.openqa.selenium.support.ui.FluentWait.until(FluentWait.java:230)
at pagePackage.IncomeAmountPage.IncomeAmount(IncomeAmountPage.java:43)
at testPackage.IncomeAmountTest.Test1(IncomeAmountTest.java:50)
at java.base/jdk.internal.reflect.NativeMethodAccessorImpl.invoke0(Native Method)
at java.base/jdk.internal.reflect.NativeMethodAccessorImpl.invoke(NativeMethodAccessorImpl.java:77)
at java.base/jdk.internal.reflect.DelegatingMethodAccessorImpl.invoke(DelegatingMethodAccessorImpl.java:43)
at java.base/java.lang.reflect.Method.invoke(Method.java:568)
at org.testng.internal.invokers.MethodInvocationHelper.invokeMethod(MethodInvocationHelper.java:139)
at org.testng.internal.invokers.TestInvoker.invokeMethod(TestInvoker.java:664)
at org.testng.internal.invokers.TestInvoker.invokeTestMethod(TestInvoker.java:228)
at org.testng.internal.invokers.MethodRunner.runInSequence(MethodRunner.java:63)
at org.testng.internal.invokers.TestInvoker$MethodInvocationAgent.invoke(TestInvoker.java:961)
at org.testng.internal.invokers.TestInvoker.invokeTestMethods(TestInvoker.java:201)
at org.testng.internal.invokers.TestMethodWorker.invokeTestMethods(TestMethodWorker.java:148)
at org.testng.internal.invokers.TestMethodWorker.run(TestMethodWorker.java:128)
at java.base/java.util.ArrayList.forEach(ArrayList.java:1511)
at org.testng.TestRunner.privateRun(TestRunner.java:819)
at org.testng.TestRunner.run(TestRunner.java:619)
at org.testng.SuiteRunner.runTest(SuiteRunner.java:443)
at org.testng.SuiteRunner.runSequentially(SuiteRunner.java:437)
at org.testng.SuiteRunner.privateRun(SuiteRunner.java:397)
at org.testng.SuiteRunner.run(SuiteRunner.java:336)
at org.testng.SuiteRunnerWorker.runSuite(SuiteRunnerWorker.java:52)
at org.testng.SuiteRunnerWorker.run(SuiteRunnerWorker.java:95)
at org.testng.TestNG.runSuitesSequentially(TestNG.java:1301)
at org.testng.TestNG.runSuitesLocally(TestNG.java:1228)
at org.testng.TestNG.runSuites(TestNG.java:1134)
at org.testng.TestNG.run(TestNG.java:1101)
at org.testng.remote.AbstractRemoteTestNG.run(AbstractRemoteTestNG.java:115)
at org.testng.remote.RemoteTestNG.initAndRun(RemoteTestNG.java:293)
at org.testng.remote.RemoteTestNG.main(RemoteTestNG.java:91)
]]>
    </error>
  </testcase> <!-- Test1 -->
</testsuite> <!-- testPackage.IncomeAmountTest -->
