<?xml version="1.0" encoding="UTF-8"?>
<!-- Generated by org.testng.reporters.JUnitReportReporter -->
<testsuite hostname="DESKTOP-D0G2CA1" failures="0" tests="1" name="testPackage.PanNumberVerifyTest" time="81.365" errors="0" timestamp="2025-08-06T18:39:02 IST" skipped="0">
  <testcase classname="testPackage.PanNumberVerifyTest" name="Test1" time="81.365"/>
</testsuite> <!-- testPackage.PanNumberVerifyTest -->
