<?xml version="1.0" encoding="UTF-8"?>
<!-- Generated by org.testng.reporters.JUnitReportReporter -->
<testsuite hostname="DESKTOP-D0G2CA1" failures="0" tests="1" name="testPackage.HomeLoanFormTest" time="65.993" errors="0" timestamp="2025-08-23T10:23:54 IST" skipped="0">
  <testcase classname="testPackage.HomeLoanFormTest" name="Test1" time="65.993"/>
</testsuite> <!-- testPackage.HomeLoanFormTest -->
