<?xml version="1.0" encoding="UTF-8"?>
<!-- Generated by org.testng.reporters.JUnitReportReporter -->
<testsuite hostname="DESKTOP-D0G2CA1" failures="0" tests="1" name="Swipeloan.Swipeloanapp.Bankdetails" time="47.034" errors="0" timestamp="2025-03-11T16:11:57 IST" skipped="0">
  <testcase classname="Swipeloan.Swipeloanapp.Bankdetails" name="login" time="47.034"/>
</testsuite> <!-- Swipeloan.Swipeloanapp.Bankdetails -->
