<?xml version="1.0" encoding="UTF-8"?>
<!-- Generated by org.testng.reporters.JUnitReportReporter -->
<testsuite hostname="DESKTOP-D0G2CA1" failures="0" tests="1" name="testPackage.PersonalDetailsEmploymentTypeTest" time="118.397" errors="0" timestamp="2025-08-07T14:19:19 IST" skipped="0">
  <testcase classname="testPackage.PersonalDetailsEmploymentTypeTest" name="Test1" time="118.397"/>
</testsuite> <!-- testPackage.PersonalDetailsEmploymentTypeTest -->
