<?xml version="1.0" encoding="UTF-8"?>
<!-- Generated by org.testng.reporters.JUnitReportReporter -->
<testsuite hostname="DESKTOP-D0G2CA1" failures="0" tests="1" name="Swipeloan.Swipeloanapp.Creditscoreplan" time="68.449" errors="0" timestamp="2025-03-06T11:51:49 IST" skipped="0">
  <testcase classname="Swipeloan.Swipeloanapp.Creditscoreplan" name="login" time="68.449"/>
</testsuite> <!-- Swipeloan.Swipeloanapp.Creditscoreplan -->
