<?xml version="1.0" encoding="UTF-8"?>
<!-- Generated by org.testng.reporters.JUnitReportReporter -->
<testsuite hostname="DESKTOP-D0G2CA1" failures="0" tests="1" name="testPackage.ProductInterestTest" time="54.860" errors="0" timestamp="2025-08-07T11:34:36 IST" skipped="0">
  <testcase classname="testPackage.ProductInterestTest" name="Test1" time="54.860"/>
</testsuite> <!-- testPackage.ProductInterestTest -->
