<?xml version="1.0" encoding="UTF-8"?>
<!-- Generated by org.testng.reporters.JUnitReportReporter -->
<testsuite hostname="DESKTOP-D0G2CA1" failures="0" tests="1" name="testPackage.ProfileTest" time="35.381" errors="0" timestamp="2025-08-23T11:15:35 IST" skipped="0">
  <testcase classname="testPackage.ProfileTest" name="Test1" time="35.381"/>
</testsuite> <!-- testPackage.ProfileTest -->
