<?xml version="1.0" encoding="UTF-8"?>
<!-- Generated by org.testng.reporters.JUnitReportReporter -->
<testsuite hostname="DESKTOP-D0G2CA1" failures="0" tests="1" name="testPackage.EditProfileTest" time="46.083" errors="0" timestamp="2025-08-23T13:00:51 IST" skipped="0">
  <testcase classname="testPackage.EditProfileTest" name="Test1" time="46.083"/>
</testsuite> <!-- testPackage.EditProfileTest -->
