<?xml version="1.0" encoding="UTF-8"?>
<!-- Generated by org.testng.reporters.JUnitReportReporter -->
<testsuite hostname="DESKTOP-D0G2CA1" failures="0" tests="1" name="testPackage.InstaFundTest" time="53.225" errors="0" timestamp="2025-08-22T18:00:43 IST" skipped="0">
  <testcase classname="testPackage.InstaFundTest" name="Test1" time="53.225"/>
</testsuite> <!-- testPackage.InstaFundTest -->
