<?xml version="1.0" encoding="UTF-8"?>
<!-- Generated by org.testng.reporters.JUnitReportReporter -->
<testsuite hostname="DESKTOP-D0G2CA1" failures="0" tests="1" name="testPackage.PersonalDetailsDobTest" time="118.304" errors="0" timestamp="2025-08-07T14:06:25 IST" skipped="0">
  <testcase classname="testPackage.PersonalDetailsDobTest" name="Test1" time="118.304"/>
</testsuite> <!-- testPackage.PersonalDetailsDobTest -->
