<?xml version="1.0" encoding="UTF-8"?>
<!-- Generated by org.testng.reporters.JUnitReportReporter -->
<testsuite hostname="DESKTOP-D0G2CA1" failures="0" tests="1" name="testPackage.VerifiedOTPTest" time="50.880" errors="0" timestamp="2025-08-06T17:04:52 IST" skipped="0">
  <testcase classname="testPackage.VerifiedOTPTest" name="VerifiedTest" time="50.880"/>
</testsuite> <!-- testPackage.VerifiedOTPTest -->
