<?xml version="1.0" encoding="UTF-8"?>
<!-- Generated by org.testng.reporters.JUnitReportReporter -->
<testsuite hostname="DESKTOP-D0G2CA1" failures="0" tests="1" name="Swipeloan.Swipeloanapp.Incomedetails" time="61.193" errors="0" timestamp="2025-03-11T19:09:41 IST" skipped="0">
  <testcase classname="Swipeloan.Swipeloanapp.Incomedetails" name="login" time="61.193"/>
</testsuite> <!-- Swipeloan.Swipeloanapp.Incomedetails -->
