<?xml version="1.0" encoding="UTF-8"?>
<!-- Generated by org.testng.reporters.JUnitReportReporter -->
<testsuite hostname="DESKTOP-D0G2CA1" failures="0" tests="1" name="testPackage.PromoPopUpTest" time="70.291" errors="0" timestamp="2025-08-07T12:07:29 IST" skipped="0">
  <testcase classname="testPackage.PromoPopUpTest" name="Test1" time="70.291"/>
</testsuite> <!-- testPackage.PromoPopUpTest -->
