<?xml version="1.0" encoding="UTF-8"?>
<!-- Generated by org.testng.reporters.JUnitReportReporter -->
<testsuite hostname="DESKTOP-D0G2CA1" failures="0" tests="1" name="testPackage.PermissionAgreeTest" time="29.490" errors="0" timestamp="2025-07-23T17:43:29 IST" skipped="0">
  <testcase classname="testPackage.PermissionAgreeTest" name="Test1" time="29.490"/>
</testsuite> <!-- testPackage.PermissionAgreeTest -->
