<?xml version="1.0" encoding="UTF-8"?>
<!-- Generated by org.testng.reporters.JUnitReportReporter -->
<testsuite hostname="DESKTOP-D0G2CA1" failures="0" tests="1" name="testPackage.UploadBankDetailsTest" time="61.363" errors="0" timestamp="2025-08-22T17:03:40 IST" skipped="0">
  <testcase classname="testPackage.UploadBankDetailsTest" name="Test1" time="61.363"/>
</testsuite> <!-- testPackage.UploadBankDetailsTest -->
