<?xml version="1.0" encoding="UTF-8"?>
<!-- Generated by org.testng.reporters.JUnitReportReporter -->
<testsuite hostname="DESKTOP-D0G2CA1" failures="0" tests="1" name="testPackage.PersonalLoanTest" time="59.670" errors="0" timestamp="2025-08-22T18:39:14 IST" skipped="0">
  <testcase classname="testPackage.PersonalLoanTest" name="Test1" time="59.670"/>
</testsuite> <!-- testPackage.PersonalLoanTest -->
