<?xml version="1.0" encoding="UTF-8"?>
<!-- Generated by org.testng.reporters.JUnitReportReporter -->
<testsuite hostname="DESKTOP-D0G2CA1" failures="0" tests="1" name="testPackage.IncomeCompanyDetailsTest" time="82.249" errors="0" timestamp="2025-08-22T17:47:15 IST" skipped="0">
  <testcase classname="testPackage.IncomeCompanyDetailsTest" name="Test1" time="82.249"/>
</testsuite> <!-- testPackage.IncomeCompanyDetailsTest -->
