<?xml version="1.0" encoding="UTF-8"?>
<!-- Generated by org.testng.reporters.JUnitReportReporter -->
<testsuite hostname="DESKTOP-D0G2CA1" failures="0" tests="1" name="testPackage.PersonalDetailsAddressTest" time="80.420" errors="0" timestamp="2025-08-22T16:26:04 IST" skipped="0">
  <testcase classname="testPackage.PersonalDetailsAddressTest" name="Test1" time="80.420"/>
</testsuite> <!-- testPackage.PersonalDetailsAddressTest -->
