<?xml version="1.0" encoding="UTF-8"?>
<!-- Generated by org.testng.reporters.JUnitReportReporter -->
<testsuite hostname="DESKTOP-D0G2CA1" failures="0" tests="1" name="Swipeloan.Swipeloanapp.Registerwithdefaultotp" time="49.880" errors="0" timestamp="2025-03-03T19:19:20 IST" skipped="0">
  <testcase classname="Swipeloan.Swipeloanapp.Registerwithdefaultotp" name="login" time="49.880"/>
</testsuite> <!-- Swipeloan.Swipeloanapp.Registerwithdefaultotp -->
