<?xml version="1.0" encoding="UTF-8"?>
<!-- Generated by org.testng.reporters.JUnitReportReporter -->
<testsuite hostname="DESKTOP-D0G2CA1" failures="0" tests="1" name="testPackage.PaymentSuccessTest" time="85.042" errors="0" timestamp="2025-08-22T17:51:46 IST" skipped="0">
  <testcase classname="testPackage.PaymentSuccessTest" name="Test1" time="85.042"/>
</testsuite> <!-- testPackage.PaymentSuccessTest -->
