<?xml version="1.0" encoding="UTF-8"?>
<!-- Generated by org.testng.reporters.JUnitReportReporter -->
<testsuite hostname="DESKTOP-D0G2CA1" failures="0" tests="1" name="Swipeloan.Swipeloanapp.Registration" time="94.395" errors="0" timestamp="2025-03-03T18:24:07 IST" skipped="0">
  <testcase classname="Swipeloan.Swipeloanapp.Registration" name="login" time="94.395"/>
</testsuite> <!-- Swipeloan.Swipeloanapp.Registration -->
