<?xml version="1.0" encoding="UTF-8"?>
<!-- Generated by org.testng.reporters.JUnitReportReporter -->
<testsuite hostname="DESKTOP-D0G2CA1" failures="0" tests="1" name="testPackage.LoginTest" time="16.829" errors="0" timestamp="2025-08-22T12:05:33 IST" skipped="0">
  <testcase classname="testPackage.LoginTest" name="Test1" time="16.829"/>
</testsuite> <!-- testPackage.LoginTest -->
