<?xml version="1.0" encoding="UTF-8"?>
<!-- Generated by org.testng.reporters.JUnitReportReporter -->
<testsuite hostname="DESKTOP-D0G2CA1" failures="0" tests="1" name="testPackage.BusinessLoanFormTest" time="93.237" errors="0" timestamp="2025-08-22T18:49:12 IST" skipped="0">
  <testcase classname="testPackage.BusinessLoanFormTest" name="Test1" time="93.237"/>
</testsuite> <!-- testPackage.BusinessLoanFormTest -->
