<?xml version="1.0" encoding="UTF-8"?>
<!-- Generated by org.testng.reporters.JUnitReportReporter -->
<testsuite hostname="DESKTOP-D0G2CA1" failures="0" tests="1" name="testPackage.PersonalDetailsNameTest" time="57.065" errors="0" timestamp="2025-08-22T16:16:05 IST" skipped="0">
  <testcase classname="testPackage.PersonalDetailsNameTest" name="Test1" time="57.065"/>
</testsuite> <!-- testPackage.PersonalDetailsNameTest -->
