<?xml version="1.0" encoding="UTF-8"?>
<!-- Generated by org.testng.reporters.JUnitReportReporter -->
<testsuite hostname="DESKTOP-D0G2CA1" failures="0" tests="1" name="testPackage.CreditScorePlanTest" time="76.888" errors="0" timestamp="2025-08-12T11:52:39 IST" skipped="0">
  <testcase classname="testPackage.CreditScorePlanTest" name="Test1" time="76.888"/>
</testsuite> <!-- testPackage.CreditScorePlanTest -->
