<?xml version="1.0" encoding="UTF-8"?>
<!-- Generated by org.testng.reporters.JUnitReportReporter -->
<testsuite hostname="DESKTOP-D0G2CA1" failures="0" tests="1" name="testPackage.IncomeRelationshipStatusTest" time="115.248" errors="0" timestamp="2025-08-11T19:18:18 IST" skipped="0">
  <testcase classname="testPackage.IncomeRelationshipStatusTest" name="Test1" time="115.248"/>
</testsuite> <!-- testPackage.IncomeRelationshipStatusTest -->
