<?xml version="1.0" encoding="UTF-8"?>
<!-- Generated by org.testng.reporters.JUnitReportReporter -->
<testsuite hostname="DESKTOP-D0G2CA1" failures="0" tests="1" name="testPackage.LogOutTest" time="67.988" errors="0" timestamp="2025-08-25T16:45:56 IST" skipped="0">
  <testcase classname="testPackage.LogOutTest" name="Test1" time="67.988"/>
</testsuite> <!-- testPackage.LogOutTest -->
