<?xml version="1.0" encoding="UTF-8"?>
<!-- Generated by org.testng.reporters.JUnitReportReporter -->
<testsuite hostname="DESKTOP-D0G2CA1" failures="0" tests="1" name="testPackage.Onboardingtest1" time="5.531" errors="0" timestamp="2025-08-02T14:33:33 IST" skipped="0">
  <testcase classname="testPackage.Onboardingtest1" name="test1" time="5.531"/>
</testsuite> <!-- testPackage.Onboardingtest1 -->
