<?xml version="1.0" encoding="UTF-8"?>
<!-- Generated by org.testng.reporters.JUnitReportReporter -->
<testsuite hostname="DESKTOP-D0G2CA1" failures="0" tests="1" name="testPackage.LoanAgainstPropertyFormTest" time="62.239" errors="0" timestamp="2025-08-23T10:37:06 IST" skipped="0">
  <testcase classname="testPackage.LoanAgainstPropertyFormTest" name="Test1" time="62.239"/>
</testsuite> <!-- testPackage.LoanAgainstPropertyFormTest -->
