<?xml version="1.0" encoding="UTF-8"?>
<!-- Generated by org.testng.reporters.JUnitReportReporter -->
<testsuite hostname="DESKTOP-D0G2CA1" failures="0" tests="1" name="testPackage.ContactUsTest" time="47.581" errors="0" timestamp="2025-08-25T10:54:52 IST" skipped="0">
  <testcase classname="testPackage.ContactUsTest" name="Test1" time="47.581"/>
</testsuite> <!-- testPackage.ContactUsTest -->
