<?xml version="1.0" encoding="UTF-8"?>
<!-- Generated by org.testng.reporters.JUnitReportReporter -->
<testsuite hostname="DESKTOP-D0G2CA1" failures="0" tests="1" name="testPackage.VerifyOTPTest" time="31.549" errors="0" timestamp="2025-08-22T12:09:16 IST" skipped="0">
  <testcase classname="testPackage.VerifyOTPTest" name="VerifyTest" time="31.549"/>
</testsuite> <!-- testPackage.VerifyOTPTest -->
