<?xml version="1.0" encoding="UTF-8"?>
<!-- Generated by org.testng.reporters.JUnitReportReporter -->
<testsuite hostname="DESKTOP-D0G2CA1" failures="0" tests="1" name="testPackage.HomeCompleteApplicationTest" time="71.416" errors="0" timestamp="2025-08-07T12:12:58 IST" skipped="0">
  <testcase classname="testPackage.HomeCompleteApplicationTest" name="Test1" time="71.416"/>
</testsuite> <!-- testPackage.HomeCompleteApplicationTest -->
