<?xml version="1.0" encoding="UTF-8"?>
<!-- Generated by org.testng.reporters.JUnitReportReporter -->
<testsuite hostname="DESKTOP-D0G2CA1" failures="0" tests="1" name="testPackage.EducationLoanFormTest" time="53.763" errors="0" timestamp="2025-08-25T15:08:05 IST" skipped="0">
  <testcase classname="testPackage.EducationLoanFormTest" name="Test1" time="53.763"/>
</testsuite> <!-- testPackage.EducationLoanFormTest -->
