<?xml version="1.0" encoding="UTF-8"?>
<!-- Generated by org.testng.reporters.JUnitReportReporter -->
<testsuite hostname="DESKTOP-D0G2CA1" failures="0" tests="1" name="Swipeloan.Swipeloanapp.Kycdetails" time="93.270" errors="0" timestamp="2025-03-11T11:35:08 IST" skipped="0">
  <testcase classname="Swipeloan.Swipeloanapp.Kycdetails" name="login" time="93.270"/>
</testsuite> <!-- Swipeloan.Swipeloanapp.Kycdetails -->
